build/app/outputs/mapping/release/mapping.txt
# compiler: R8
# compiler_version: 2.1.62
# min_api: 16
# pg_map_id: b472b3a
# common_typos_disable
...
io.flutter.embedding.engine.systemchannels.-$$Lambda$KeyEventChannel$UQGOimlHhXL3oILzOPTRp49G2r8 -> io.flutter.embedding.engine.i.a:
    android.view.KeyEvent f$1 -> b
    io.flutter.embedding.engine.systemchannels.KeyEventChannel f$0 -> a
    void reply(java.lang.Object) -> a
io.flutter.embedding.engine.systemchannels.AccessibilityChannel -> io.flutter.embedding.engine.i.b:
    io.flutter.embedding.engine.FlutterJNI flutterJNI -> b
    io.flutter.embedding.engine.systemchannels.AccessibilityChannel$AccessibilityMessageHandler handler -> c
    io.flutter.plugin.common.BasicMessageChannel$MessageHandler parsingMessageHandler -> d
    io.flutter.plugin.common.BasicMessageChannel channel -> a
    io.flutter.embedding.engine.systemchannels.AccessibilityChannel$AccessibilityMessageHandler access$000(io.flutter.embedding.engine.systemchannels.AccessibilityChannel) -> a
    void dispatchSemanticsAction(int,io.flutter.view.AccessibilityBridge$Action) -> b
    void dispatchSemanticsAction(int,io.flutter.view.AccessibilityBridge$Action,java.lang.Object) -> c
    void onAndroidAccessibilityDisabled() -> d
    void onAndroidAccessibilityEnabled() -> e
    void setAccessibilityFeatures(int) -> f
    void setAccessibilityMessageHandler(io.flutter.embedding.engine.systemchannels.AccessibilityChannel$AccessibilityMessageHandler) -> g
io.flutter.embedding.engine.systemchannels.AccessibilityChannel$1 -> io.flutter.embedding.engine.i.b$a:
    io.flutter.embedding.engine.systemchannels.AccessibilityChannel this$0 -> a
    void onMessage(java.lang.Object,io.flutter.plugin.common.BasicMessageChannel$Reply) -> a
io.flutter.embedding.engine.systemchannels.AccessibilityChannel$AccessibilityMessageHandler -> io.flutter.embedding.engine.i.b$b:
    void onTooltip(java.lang.String) -> b
    void onLongPress(int) -> d
    void onTap(int) -> e
    void announce(java.lang.String) -> f
io.flutter.embedding.engine.systemchannels.DeferredComponentChannel -> io.flutter.embedding.engine.i.c:
    java.util.Map componentNameToResults -> c
    io.flutter.plugin.common.MethodChannel$MethodCallHandler parsingMethodHandler -> d
    io.flutter.embedding.engine.deferredcomponents.DeferredComponentManager deferredComponentManager -> b
    io.flutter.plugin.common.MethodChannel channel -> a
    io.flutter.embedding.engine.deferredcomponents.DeferredComponentManager access$000(io.flutter.embedding.engine.systemchannels.DeferredComponentChannel) -> a
    java.util.Map access$100(io.flutter.embedding.engine.systemchannels.DeferredComponentChannel) -> b
    void setDeferredComponentManager(io.flutter.embedding.engine.deferredcomponents.DeferredComponentManager) -> c
io.flutter.embedding.engine.systemchannels.DeferredComponentChannel$1 -> io.flutter.embedding.engine.i.c$a:
    io.flutter.embedding.engine.systemchannels.DeferredComponentChannel this$0 -> a
    void onMethodCall(io.flutter.plugin.common.MethodCall,io.flutter.plugin.common.MethodChannel$Result) -> f
io.flutter.embedding.engine.systemchannels.KeyEventChannel -> io.flutter.embedding.engine.i.d:
    io.flutter.embedding.engine.systemchannels.KeyEventChannel$EventResponseHandler eventResponseHandler -> a
    io.flutter.plugin.common.BasicMessageChannel channel -> b
    io.flutter.plugin.common.BasicMessageChannel$Reply createReplyHandler(android.view.KeyEvent) -> a
    void encodeKeyEvent(io.flutter.embedding.engine.systemchannels.KeyEventChannel$FlutterKeyEvent,java.util.Map) -> b
    void keyDown(io.flutter.embedding.engine.systemchannels.KeyEventChannel$FlutterKeyEvent) -> c
    void keyUp(io.flutter.embedding.engine.systemchannels.KeyEventChannel$FlutterKeyEvent) -> d
    void lambda$createReplyHandler$0(android.view.KeyEvent,java.lang.Object) -> e
    void lambda$createReplyHandler$0$KeyEventChannel(android.view.KeyEvent,java.lang.Object) -> f
    void setEventResponseHandler(io.flutter.embedding.engine.systemchannels.KeyEventChannel$EventResponseHandler) -> g