build/app/outputs/mapping/release/usage.txt
com.pru.judostore.R$mipmap
com.pru.judostore.R$styleable
com.pru.judostore.BuildConfig
com.pru.judostore.R$xml
com.pru.judostore.R$drawable
com.pru.judostore.R$color
com.pru.judostore.R$attr
com.pru.judostore.R$integer
com.pru.judostore.R$dimen
com.pru.judostore.R$style
com.pru.judostore.R$id
com.pru.judostore.R$layout
com.pru.judostore.R
com.pru.judostore.R$string
...
kotlin.ranges.CharProgression$Companion
kotlin.comparisons.ComparisonsKt__ComparisonsKt$compareBy$3
com.google.common.collect.ForwardingNavigableMap$StandardDescendingMap
com.google.common.io.ByteSource
kotlin.coroutines.EmptyCoroutineContext
com.google.common.collect.Synchronized$SynchronizedTable$1
com.google.common.collect.LinkedHashMultimap$ValueSet
androidx.lifecycle.ComputableLiveData
com.google.common.util.concurrent.FluentFuture$TrustedFuture
kotlin.coroutines.jvm.internal.DebugMetadata
com.google.common.collect.Maps$4
com.google.common.collect.TreeRangeMap$SubRangeMap$SubRangeMapAsMap$3
androidx.core.graphics.drawable.RoundedBitmapDrawableFactory$DefaultRoundedBitmapDrawable
kotlin.ranges.ULongProgression$Companion
javax.annotation.RegEx$Checker
com.google.common.cache.AbstractCache$StatsCounter
kotlin.InitializedLazyImpl
javax.annotation.Tainted
com.google.common.collect.TreeRangeMap$SubRangeMap$1$1
com.google.common.math.StatsAccumulator
androidx.core.app.JobIntentService$CommandProcessor
com.google.common.graph.ConfigurableMutableGraph
com.google.common.util.concurrent.Striped$WeakSafeLock
androidx.core.provider.FontsContractCompat$5
com.google.common.collect.CartesianList
com.google.common.collect.SortedMultiset
androidx.core.view.inputmethod.InputContentInfoCompat$InputContentInfoCompatImpl
androidx.core.view.accessibility.AccessibilityNodeProviderCompat
com.google.common.collect.MultimapBuilder$1
androidx.annotation.AnimatorRes
androidx.versionedparcelable.ParcelField
androidx.fragment.app.Fragment$OnStartEnterTransitionListener
com.google.common.graph.Traverser$GraphTraverser
com.google.common.cache.RemovalListeners$1
kotlin.time.AbstractDoubleClock$DoubleClockMark
com.google.common.collect.Maps$11
com.google.common.math.Quantiles
com.google.common.collect.Maps$NavigableKeySet
kotlin.internal.DynamicExtension
androidx.collection.ArraySet$1
com.google.common.base.Equivalence
androidx.core.provider.FontsContractCompat$FontRequestCallback
kotlin.jvm.internal.FunctionReferenceImpl
kotlin.UByteArray
androidx.core.app.NotificationManagerCompat$SideChannelManager$ListenerRecord
com.google.common.collect.ClassToInstanceMap
com.google.common.util.concurrent.FuturesGetChecked$GetCheckedTypeValidatorHolder$WeakSetValidator
com.google.common.hash.AbstractStreamingHasher
com.google.common.cache.Weigher
com.google.common.hash.FarmHashFingerprint64
com.google.common.graph.MapIteratorCache
com.google.common.collect.Maps$UnmodifiableNavigableMap
androidx.core.view.MenuItemCompat$OnActionExpandListener
com.google.common.escape.CharEscaperBuilder
com.google.common.collect.Maps$FilteredEntryMap
com.google.common.base.Predicates$InPredicate
androidx.loader.app.LoaderManagerImpl$LoaderObserver
com.google.common.collect.DescendingImmutableSortedSet
com.google.common.collect.Iterators$9
com.google.common.collect.StandardTable$RowMap
com.google.common.cache.LocalCache$StrongValueReference
com.google.common.primitives.Longs
com.google.common.graph.MapRetrievalCache
kotlin.sequences.SequencesKt___SequencesKt$filterIsInstance$1
androidx.viewpager.widget.ViewPager$SavedState
com.google.common.base.Predicates$InstanceOfPredicate
androidx.loader.content.Loader$OnLoadCanceledListener
com.google.j2objc.annotations.ObjectiveCName
androidx.core.graphics.TypefaceCompatBaseImpl
com.google.common.io.Files$FileByteSource
kotlin.coroutines.jvm.internal.ContinuationImpl
androidx.core.view.ViewCompat$NestedScrollType
com.google.common.collect.ImmutableSet
com.google.common.cache.CacheBuilder$3
com.google.common.base.FinalizableReferenceQueue$FinalizerLoader
com.google.common.reflect.Types$GenericArrayTypeImpl
javax.annotation.Nonnegative$Checker
javax.annotation.WillClose
com.google.common.collect.SortedMultisets$NavigableElementSet
androidx.fragment.app.FragmentManagerImpl$1
androidx.loader.R$styleable
kotlin.sequences.SubSequence
com.google.common.graph.ImmutableValueGraph$1
androidx.core.view.NestedScrollingChild3